{"total": {"lines":{"total":55,"covered":37,"skipped":0,"pct":67.27},"statements":{"total":59,"covered":37,"skipped":0,"pct":62.71},"functions":{"total":15,"covered":6,"skipped":0,"pct":40},"branches":{"total":16,"covered":4,"skipped":0,"pct":25}}
,"/Users/stephaniecherubin/sites/courses/Front-End-Foundations/mathSubstitution/src/index.js": {"lines":{"total":55,"covered":37,"skipped":0,"pct":67.27},"functions":{"total":15,"covered":6,"skipped":0,"pct":40},"statements":{"total":59,"covered":37,"skipped":0,"pct":62.71},"branches":{"total":16,"covered":4,"skipped":0,"pct":25}}
}
