TN:
SF:/Users/stephaniecherubin/sites/courses/Front-End-Foundations/mathSubstitution/src/index.js
FN:10,(anonymous_0)
FN:14,(anonymous_1)
FN:18,(anonymous_2)
FN:32,(anonymous_3)
FN:43,(anonymous_4)
FN:61,(anonymous_5)
FN:85,(anonymous_6)
FN:95,(anonymous_7)
FN:106,(anonymous_8)
FN:116,getMortgagePayment
FN:126,(anonymous_10)
FN:130,(anonymous_11)
FN:132,getRandomArbitrary
FN:141,(anonymous_13)
FN:148,(anonymous_14)
FNF:15
FNH:6
FNDA:1,(anonymous_0)
FNDA:1,(anonymous_1)
FNDA:1,(anonymous_2)
FNDA:0,(anonymous_3)
FNDA:1,(anonymous_4)
FNDA:1,(anonymous_5)
FNDA:4,(anonymous_6)
FNDA:0,(anonymous_7)
FNDA:0,(anonymous_8)
FNDA:0,getMortgagePayment
FNDA:0,(anonymous_10)
FNDA:0,(anonymous_11)
FNDA:0,getRandomArbitrary
FNDA:0,(anonymous_13)
FNDA:0,(anonymous_14)
DA:4,1
DA:5,1
DA:6,1
DA:10,1
DA:11,1
DA:14,1
DA:15,1
DA:18,1
DA:19,1
DA:32,1
DA:33,0
DA:34,0
DA:35,0
DA:37,0
DA:38,0
DA:39,0
DA:41,1
DA:43,1
DA:44,1
DA:45,1
DA:46,1
DA:48,0
DA:50,0
DA:55,1
DA:61,1
DA:62,1
DA:63,1
DA:64,1
DA:66,0
DA:68,0
DA:73,1
DA:85,1
DA:86,4
DA:87,4
DA:91,1
DA:95,1
DA:96,0
DA:97,0
DA:98,0
DA:102,1
DA:106,1
DA:107,0
DA:108,0
DA:112,1
DA:117,0
DA:118,0
DA:122,1
DA:126,1
DA:130,1
DA:133,0
DA:137,1
DA:141,1
DA:144,1
DA:148,1
DA:151,1
LF:55
LH:37
BRDA:32,0,0,0
BRDA:32,1,0,0
BRDA:34,2,0,0
BRDA:34,2,1,0
BRDA:37,3,0,0
BRDA:37,3,1,0
BRDA:38,4,0,0
BRDA:38,4,1,0
BRDA:45,5,0,1
BRDA:45,5,1,0
BRDA:45,6,0,1
BRDA:45,6,1,0
BRDA:63,7,0,1
BRDA:63,7,1,0
BRDA:63,8,0,1
BRDA:63,8,1,0
BRF:16
BRH:4
end_of_record
