TN:
SF:/Users/stephaniecherubin/sites/courses/Front-End-Foundations/mathSubstitution/src/index.js
FN:10,(anonymous_0)
FN:14,(anonymous_1)
FN:19,(anonymous_2)
FN:35,(anonymous_3)
FN:53,(anonymous_4)
FN:73,toDollars
FNF:6
FNH:5
FNDA:0,(anonymous_0)
FNDA:1,(anonymous_1)
FNDA:1,(anonymous_2)
FNDA:1,(anonymous_3)
FNDA:1,(anonymous_4)
FNDA:3,toDollars
DA:3,1
DA:4,1
DA:6,1
DA:10,1
DA:11,0
DA:14,1
DA:15,1
DA:17,1
DA:19,1
DA:20,1
DA:22,1
DA:35,1
DA:36,1
DA:37,1
DA:38,1
DA:40,0
DA:43,0
DA:46,1
DA:53,1
DA:54,1
DA:55,1
DA:56,1
DA:58,0
DA:61,0
DA:65,1
DA:74,3
DA:75,3
DA:78,1
LF:28
LH:23
BRDA:37,0,0,1
BRDA:37,0,1,0
BRDA:37,1,0,1
BRDA:37,1,1,0
BRDA:55,2,0,1
BRDA:55,2,1,0
BRDA:55,3,0,1
BRDA:55,3,1,0
BRF:8
BRH:4
end_of_record
